<?xml version="1.0" encoding="UTF-8"?>
<!-- Generated by org.testng.reporters.JUnitReportReporter -->
<testsuite hostname="DESKTOP-T6KLQOF" failures="0" tests="1" name="driverFactory.AppTest" time="108.178" errors="0" timestamp="2024-09-27T20:10:18 IST" skipped="0">
  <testcase classname="driverFactory.AppTest" name="kickStart" time="108.178">
    <system-out>
      <![CDATA[Stock-000003064     Stock-000003064
Supplier-00000005715         Supplier-00000005715
Customer-00000011010     Customer-00000011010]]>
    </system-out>
  </testcase> <!-- kickStart -->
  <system-out>
    <![CDATA[Stock-000003064     Stock-000003064
Supplier-00000005715         Supplier-00000005715
Customer-00000011010     Customer-00000011010]]>
  </system-out>
</testsuite> <!-- driverFactory.AppTest -->
