<?xml version="1.0" encoding="UTF-8"?>
<!-- Generated by org.testng.reporters.JUnitReportReporter -->
<testsuite hostname="Harikrishna" failures="0" tests="1" name="driverFactory.AppTest" time="49.226" errors="0" timestamp="2024-09-30T18:42:33 IST" skipped="0">
  <testcase classname="driverFactory.AppTest" name="kickStart" time="49.226">
    <system-out>
      <![CDATA[Stock-000003084     Stock-000003084
Supplier-00000005749     Supplier-00000005749]]>
    </system-out>
  </testcase> <!-- kickStart -->
  <system-out>
    <![CDATA[Stock-000003084     Stock-000003084
Supplier-00000005749     Supplier-00000005749]]>
  </system-out>
</testsuite> <!-- driverFactory.AppTest -->
